#
# A fatal error has been detected by the Java Runtime Environment:
#
#  SIGSEGV (0xb) at pc=0x0000000102eebb1c, pid=6228, tid=17411
#
# JRE version: Java(TM) SE Runtime Environment (8.0_60-b27) (build 1.8.0_60-b27)
# Java VM: Java HotSpot(TM) 64-Bit Server VM (25.60-b23 mixed mode bsd-amd64 compressed oops)
# Problematic frame:
# V  [libjvm.dylib+0x24ab1c]  frame::sender(RegisterMap*) const+0x78
#
# Failed to write core dump. Core dumps have been disabled. To enable core dumping, try "ulimit -c unlimited" before starting Java again
#
# If you would like to submit a bug report, please visit:
#   http://bugreport.java.com/bugreport/crash.jsp
#

---------------  T H R E A D  ---------------

Current thread (0x00007fdd1300b000):  JavaThread "JDWP Transport Listener: dt_socket" daemon [_thread_in_vm, id=17411, stack(0x0000700000bbe000,0x0000700000cbe000)]

siginfo: si_signo: 11 (SIGSEGV), si_code: 0 (unknown), si_addr: 0x0000000000000000

Registers:
RAX=0x4855c35de5894855, RBX=0x0000700000cbccd0, RCX=0x4855c35dc031e589, RDX=0x0000000103d14620
RSP=0x0000700000cbcc40, RBP=0x0000700000cbcc60, RSI=0x00007fdd12980618, RDI=0x00007fdd12980618
R8 =0x00007fdd129806a8, R9 =0x0000700000cbcd60, R10=0x00007000000dd0c0, R11=0xfffff022ee33c6b8
R12=0x0000700000cbccd0, R13=0x00007fdd1300b000, R14=0x0000700000cbcd00, R15=0x00007fdd12980618
RIP=0x0000000102eebb1c, EFLAGS=0x0000000000010246, ERR=0x0000000000000000
  TRAPNO=0x000000000000000d

Top of Stack: (sp=0x0000700000cbcc40)
0x0000700000cbcc40:   0000700000cbcd00 00007fdd11601af0
0x0000700000cbcc50:   0000700000cbccd0 0000700000cbd2f0
0x0000700000cbcc60:   0000700000cbccc0 0000000102eea478
0x0000700000cbcc70:   0000700000cbccb0 0000000102eeb7fc
0x0000700000cbcc80:   00007fdd1152ab90 0000700000cbcd50
0x0000700000cbcc90:   0000700000cbcd50 00007fdd12980010
0x0000700000cbcca0:   00007fdd11601af0 00007fdd12980610
0x0000700000cbccb0:   00000000000008cf 0000700000cbd2f0
0x0000700000cbccc0:   0000700000cbd2c0 000000010323fc7a
0x0000700000cbccd0:   0000000102e60a98 4855c35dc031e589
0x0000700000cbcce0:   0000000000000000 0000000100000000
0x0000700000cbccf0:   4855c35de5894855 0000000102e60a98
0x0000700000cbcd00:   2400000000000000 d00f1e0000000000
0x0000700000cbcd10:   0000000000000001 976111dd7f00001c
0x0000700000cbcd20:   0000000000000060 0f1e000000000024
0x0000700000cbcd30:   00000000000001d1 6111dd7f00001c00
0x0000700000cbcd40:   0000000000006097 1e00000000002400
0x0000700000cbcd50:   00007000000dd0c0 00007000000dd0c0
0x0000700000cbcd60:   0000000000609761 0000000000240000
0x0000700000cbcd70:   0000000001d30f1e dd7f00001c000000
0x0000700000cbcd80:   0000000060976111 0000000024000000
0x0000700000cbcd90:   00000001d40f1e00 7f00001c00000000
0x0000700000cbcda0:   00000060976111dd 0000002400000000
0x0000700000cbcdb0:   000001d50f1e0000 00001c0000000000
0x0000700000cbcdc0:   000060976111dd7f 0000240000000000
0x0000700000cbcdd0:   0001d60f1e000000 001c000000000000
0x0000700000cbcde0:   0060976111dd7f00 0024000000000000
0x0000700000cbcdf0:   01d70f1e00000000 1c00000000000000
0x0000700000cbce00:   60976111dd7f0000 2400000000000000
0x0000700000cbce10:   d80f1e0000000000 0000000000000001
0x0000700000cbce20:   976111dd7f00001c 0000000000000060
0x0000700000cbce30:   0f1e000000000024 00000000000001d9 

Instructions: (pc=0x0000000102eebb1c)
0x0000000102eebafc:   fc ff ff eb 77 49 83 7f 10 00 74 10 4c 89 e7 4c
0x0000000102eebb0c:   89 fe 4c 89 f2 e8 5e fd ff ff eb 60 49 8b 47 20
0x0000000102eebb1c:   48 8b 08 48 8b 78 08 48 83 c0 10 49 89 04 24 49
0x0000000102eebb2c:   89 44 24 28 49 89 4c 24 20 49 89 7c 24 08 e8 ef 

Register to memory mapping:

RAX=0x4855c35de5894855 is an unknown value
RBX=0x0000700000cbccd0 is pointing into the stack for thread: 0x00007fdd1300b000
RCX=0x4855c35dc031e589 is an unknown value
RDX=0x0000000103d14620 is an unknown value
RSP=0x0000700000cbcc40 is pointing into the stack for thread: 0x00007fdd1300b000
RBP=0x0000700000cbcc60 is pointing into the stack for thread: 0x00007fdd1300b000
RSI=0x00007fdd12980618 is an unknown value
RDI=0x00007fdd12980618 is an unknown value
R8 =0x00007fdd129806a8 is an unknown value
R9 =0x0000700000cbcd60 is pointing into the stack for thread: 0x00007fdd1300b000
R10=0x00007000000dd0c0 is pointing into the stack for thread: 0x00007fdd13001800
R11=0xfffff022ee33c6b8 is an unknown value
R12=0x0000700000cbccd0 is pointing into the stack for thread: 0x00007fdd1300b000
R13=0x00007fdd1300b000 is a thread
R14=0x0000700000cbcd00 is pointing into the stack for thread: 0x00007fdd1300b000
R15=0x00007fdd12980618 is an unknown value


Stack: [0x0000700000bbe000,0x0000700000cbe000],  sp=0x0000700000cbcc40,  free space=1019k
Native frames: (J=compiled Java code, j=interpreted, Vv=VM code, C=native code)
V  [libjvm.dylib+0x24ab1c]  frame::sender(RegisterMap*) const+0x78
V  [libjvm.dylib+0x249478]  frame::real_sender(RegisterMap*) const+0x1e
V  [libjvm.dylib+0x59ec7a]  vframe::sender() const+0x58
V  [libjvm.dylib+0x59e721]  vframe::java_sender() const+0x2d
V  [libjvm.dylib+0x38883a]  JvmtiEnvBase::vframeFor(JavaThread*, int)+0x5c
V  [libjvm.dylib+0x388bab]  JvmtiEnvBase::get_frame_location(JavaThread*, int, _jmethodID**, long*)+0x6f
V  [libjvm.dylib+0x384570]  JvmtiEnv::GetFrameLocation(JavaThread*, int, _jmethodID**, long*)+0x50
V  [libjvm.dylib+0x35a4cf]  jvmti_GetFrameLocation+0x156
C  [libjdwp.dylib+0x8a3a]  frames+0x1f5
C  [libjdwp.dylib+0xe898]  debugLoop_run+0x1ce
C  [libjdwp.dylib+0x1f6ba]  attachThread+0x4d
V  [libjvm.dylib+0x396d6c]  JvmtiAgentThread::call_start_function()+0x38
V  [libjvm.dylib+0x5612d3]  JavaThread::thread_main_inner()+0x9b
V  [libjvm.dylib+0x5629ce]  JavaThread::run()+0x1c2
V  [libjvm.dylib+0x48343a]  java_start(Thread*)+0xf6
C  [libsystem_pthread.dylib+0x399d]  _pthread_body+0x83
C  [libsystem_pthread.dylib+0x391a]  _pthread_body+0x0
C  [libsystem_pthread.dylib+0x1351]  thread_start+0xd
C  0x0000000000000000


---------------  P R O C E S S  ---------------

Java Threads: ( => current thread )
  0x00007fdd119a6800 JavaThread "SIGTERM handler" daemon [_thread_blocked, id=18439, stack(0x0000700000932000,0x0000700000a32000)]
  0x00007fdd1184b000 JavaThread "Service Thread" daemon [_thread_blocked, id=20483, stack(0x00007000011d0000,0x00007000012d0000)]
  0x00007fdd12040800 JavaThread "C1 CompilerThread2" daemon [_thread_blocked, id=19971, stack(0x00007000010cd000,0x00007000011cd000)]
  0x00007fdd1183b800 JavaThread "C2 CompilerThread1" daemon [_thread_blocked, id=19459, stack(0x0000700000fca000,0x00007000010ca000)]
  0x00007fdd13000800 JavaThread "C2 CompilerThread0" daemon [_thread_blocked, id=18947, stack(0x0000700000ec7000,0x0000700000fc7000)]
  0x00007fdd1203f000 JavaThread "JDWP Event Helper Thread" daemon [_thread_blocked, id=17923, stack(0x0000700000cc1000,0x0000700000dc1000)]
=>0x00007fdd1300b000 JavaThread "JDWP Transport Listener: dt_socket" daemon [_thread_in_vm, id=17411, stack(0x0000700000bbe000,0x0000700000cbe000)]
  0x00007fdd1202a800 JavaThread "Finalizer" daemon [_thread_blocked, id=11779, stack(0x000070000082f000,0x000070000092f000)]
  0x00007fdd1202a000 JavaThread "Reference Handler" daemon [_thread_blocked, id=11267, stack(0x000070000072c000,0x000070000082c000)]
  0x00007fdd13001800 JavaThread "main" [_thread_blocked, id=4099, stack(0x0000700000084000,0x0000700000184000)]

Other Threads:
  0x00007fdd11839000 VMThread [stack: 0x0000700000629000,0x0000700000729000] [id=10755]

VM state:synchronizing (normal execution)

VM Mutex/Monitor currently owned by a thread:  ([mutex/lock_event])
[0x00007fdd116031d0] Threads_lock - owner thread: 0x00007fdd11839000

Heap:
 PSYoungGen      total 38400K, used 5325K [0x0000000795580000, 0x0000000798000000, 0x00000007c0000000)
  eden space 33280K, 16% used [0x0000000795580000,0x0000000795ab35e8,0x0000000797600000)
  from space 5120K, 0% used [0x0000000797b00000,0x0000000797b00000,0x0000000798000000)
  to   space 5120K, 0% used [0x0000000797600000,0x0000000797600000,0x0000000797b00000)
 ParOldGen       total 87552K, used 0K [0x0000000740000000, 0x0000000745580000, 0x0000000795580000)
  object space 87552K, 0% used [0x0000000740000000,0x0000000740000000,0x0000000745580000)
 Metaspace       used 3080K, capacity 4728K, committed 4864K, reserved 1056768K
  class space    used 343K, capacity 424K, committed 512K, reserved 1048576K

Card table byte_map: [0x0000000113a00000,0x0000000113e01000] byte_map_base: 0x0000000110000000

Marking Bits: (ParMarkBitMap*) 0x000000010357fe20
 Begin Bits: [0x00000001140ac000, 0x00000001160ac000)
 End Bits:   [0x00000001160ac000, 0x00000001180ac000)

Polling page: 0x0000000103c6d000

CodeCache: size=245760Kb used=1282Kb max_used=1282Kb free=244477Kb
 bounds [0x0000000103ccf000, 0x0000000103f3f000, 0x0000000112ccf000]
 total_blobs=340 nmethods=109 adapters=153
 compilation: enabled

Compilation events (10 events):
Event: 12.770 Thread 0x00007fdd12040800  102   !   3       java.lang.StringCoding$StringEncoder::encode (179 bytes)
Event: 12.773 Thread 0x00007fdd12040800 nmethod 102 0x0000000103e09550 code [0x0000000103e098c0, 0x0000000103e0b5b8]
Event: 32.292 Thread 0x00007fdd12040800  106       3       java.util.HashMap::putVal (300 bytes)
Event: 32.293 Thread 0x00007fdd12040800 nmethod 106 0x0000000103e0cd10 code [0x0000000103e0cf80, 0x0000000103e0e2b8]
Event: 32.293 Thread 0x00007fdd12040800  107       3       java.util.ArrayList$SubList$1::hasNext (20 bytes)
Event: 32.294 Thread 0x00007fdd12040800 nmethod 107 0x0000000103e0ea50 code [0x0000000103e0ebc0, 0x0000000103e0ed90]
Event: 32.294 Thread 0x00007fdd12040800  105       3       java.util.HashMap::put (13 bytes)
Event: 32.294 Thread 0x00007fdd12040800 nmethod 105 0x0000000103e0ee50 code [0x0000000103e0efe0, 0x0000000103e0f3b8]
Event: 32.294 Thread 0x00007fdd12040800  108       1       java.util.HashMap::size (5 bytes)
Event: 32.294 Thread 0x00007fdd12040800 nmethod 108 0x0000000103e0f510 code [0x0000000103e0f660, 0x0000000103e0f770]

GC Heap History (0 events):
No events

Deoptimization events (0 events):
No events

Internal exceptions (7 events):
Event: 0.062 Thread 0x00007fdd13001800 Exception <a 'java/lang/NoSuchMethodError': Method sun.misc.Unsafe.defineClass(Ljava/lang/String;[BII)Ljava/lang/Class; name or signature does not match> (0x0000000795592d70) thrown at [/Users/java_re/workspace/8-2-build-macosx-x86_64/jdk8u60/4407/hotspot
Event: 0.062 Thread 0x00007fdd13001800 Exception <a 'java/lang/NoSuchMethodError': Method sun.misc.Unsafe.prefetchRead(Ljava/lang/Object;J)V name or signature does not match> (0x0000000795593058) thrown at [/Users/java_re/workspace/8-2-build-macosx-x86_64/jdk8u60/4407/hotspot/src/share/vm/prim
Event: 59.137 Thread 0x00007fdd13001800 Exception <a 'java/lang/StackOverflowError'> (0x0000000795910148) thrown at [/Users/java_re/workspace/8-2-build-macosx-x86_64/jdk8u60/4407/hotspot/src/share/vm/interpreter/interpreterRuntime.cpp, line 323]
Event: 100.298 Thread 0x00007fdd13001800 Exception <a 'java/io/IOException'> (0x0000000795914098) thrown at [/Users/java_re/workspace/8-2-build-macosx-x86_64/jdk8u60/4407/hotspot/src/share/vm/prims/jni.cpp, line 709]
Event: 100.299 Thread 0x00007fdd13001800 Exception <a 'java/io/IOException'> (0x00000007959147b0) thrown at [/Users/java_re/workspace/8-2-build-macosx-x86_64/jdk8u60/4407/hotspot/src/share/vm/prims/jni.cpp, line 709]
Event: 100.300 Thread 0x00007fdd13001800 Exception <a 'java/io/IOException'> (0x0000000795914a48) thrown at [/Users/java_re/workspace/8-2-build-macosx-x86_64/jdk8u60/4407/hotspot/src/share/vm/prims/jni.cpp, line 709]
Event: 100.300 Thread 0x00007fdd13001800 Exception <a 'java/io/IOException'> (0x0000000795914cb0) thrown at [/Users/java_re/workspace/8-2-build-macosx-x86_64/jdk8u60/4407/hotspot/src/share/vm/prims/jni.cpp, line 709]

Events (10 events):
Event: 100.298 loading class java/io/InterruptedIOException done
Event: 100.298 loading class java/lang/Throwable$WrappedPrintStream
Event: 100.298 loading class java/lang/Throwable$PrintStreamOrWriter
Event: 100.298 loading class java/lang/Throwable$PrintStreamOrWriter done
Event: 100.298 loading class java/lang/Throwable$WrappedPrintStream done
Event: 100.298 loading class java/util/IdentityHashMap
Event: 100.299 loading class java/util/IdentityHashMap done
Event: 100.299 loading class java/util/IdentityHashMap$KeySet
Event: 100.299 loading class java/util/IdentityHashMap$KeySet done
Event: 100.301 Executing VM operation: Exit


Dynamic libraries:
0x000000000b864000 	/System/Library/Frameworks/Cocoa.framework/Versions/A/Cocoa
0x000000000b864000 	/System/Library/Frameworks/Security.framework/Versions/A/Security
0x000000000b864000 	/System/Library/Frameworks/ApplicationServices.framework/Versions/A/ApplicationServices
0x000000000b864000 	/usr/lib/libz.1.dylib
0x000000000b864000 	/usr/lib/libSystem.B.dylib
0x000000000b864000 	/usr/lib/libobjc.A.dylib
0x000000000b864000 	/System/Library/Frameworks/CoreFoundation.framework/Versions/A/CoreFoundation
0x000000000b864000 	/System/Library/Frameworks/Foundation.framework/Versions/C/Foundation
0x000000000b864000 	/System/Library/Frameworks/AppKit.framework/Versions/C/AppKit
0x000000000b864000 	/System/Library/Frameworks/CoreData.framework/Versions/A/CoreData
0x000000000b864000 	/System/Library/PrivateFrameworks/RemoteViewServices.framework/Versions/A/RemoteViewServices
0x000000000b864000 	/System/Library/PrivateFrameworks/UIFoundation.framework/Versions/A/UIFoundation
0x000000000b864000 	/usr/lib/libScreenReader.dylib
0x000000000b864000 	/System/Library/Frameworks/Accelerate.framework/Versions/A/Accelerate
0x000000000b864000 	/System/Library/Frameworks/IOSurface.framework/Versions/A/IOSurface
0x000000000b864000 	/System/Library/Frameworks/AudioToolbox.framework/Versions/A/AudioToolbox
0x000000000b864000 	/System/Library/Frameworks/AudioUnit.framework/Versions/A/AudioUnit
0x000000000b864000 	/System/Library/PrivateFrameworks/DataDetectorsCore.framework/Versions/A/DataDetectorsCore
0x000000000b864000 	/System/Library/PrivateFrameworks/DesktopServicesPriv.framework/Versions/A/DesktopServicesPriv
0x000000000b864000 	/System/Library/Frameworks/Carbon.framework/Versions/A/Frameworks/HIToolbox.framework/Versions/A/HIToolbox
0x000000000b864000 	/System/Library/Frameworks/QuartzCore.framework/Versions/A/QuartzCore
0x000000000b864000 	/System/Library/Frameworks/Carbon.framework/Versions/A/Frameworks/SpeechRecognition.framework/Versions/A/SpeechRecognition
0x000000000b864000 	/usr/lib/libauto.dylib
0x000000000b864000 	/usr/lib/libicucore.A.dylib
0x000000000b864000 	/usr/lib/libxml2.2.dylib
0x000000000b864000 	/System/Library/PrivateFrameworks/CoreUI.framework/Versions/A/CoreUI
0x000000000b864000 	/System/Library/Frameworks/CoreAudio.framework/Versions/A/CoreAudio
0x000000000b864000 	/System/Library/Frameworks/DiskArbitration.framework/Versions/A/DiskArbitration
0x000000000b864000 	/usr/lib/liblangid.dylib
0x000000000b864000 	/System/Library/PrivateFrameworks/MultitouchSupport.framework/Versions/A/MultitouchSupport
0x000000000b864000 	/System/Library/Frameworks/IOKit.framework/Versions/A/IOKit
0x000000000b864000 	/usr/lib/libDiagnosticMessagesClient.dylib
0x000000000b864000 	/System/Library/Frameworks/CoreServices.framework/Versions/A/CoreServices
0x000000000b864000 	/System/Library/PrivateFrameworks/PerformanceAnalysis.framework/Versions/A/PerformanceAnalysis
0x000000000b864000 	/System/Library/PrivateFrameworks/GenerationalStorage.framework/Versions/A/GenerationalStorage
0x000000000b864000 	/System/Library/Frameworks/OpenGL.framework/Versions/A/OpenGL
0x000000000b864000 	/System/Library/PrivateFrameworks/Sharing.framework/Versions/A/Sharing
0x000000000b864000 	/System/Library/Frameworks/CoreGraphics.framework/Versions/A/CoreGraphics
0x000000000b864000 	/System/Library/Frameworks/CoreImage.framework/Versions/A/CoreImage
0x000000000b864000 	/System/Library/Frameworks/CoreText.framework/Versions/A/CoreText
0x000000000b864000 	/System/Library/Frameworks/ImageIO.framework/Versions/A/ImageIO
0x000000000b864000 	/System/Library/PrivateFrameworks/Backup.framework/Versions/A/Backup
0x000000000b864000 	/usr/lib/libextension.dylib
0x000000000b864000 	/usr/lib/libarchive.2.dylib
0x000000000b864000 	/System/Library/Frameworks/CFNetwork.framework/Versions/A/CFNetwork
0x000000000b864000 	/System/Library/Frameworks/SystemConfiguration.framework/Versions/A/SystemConfiguration
0x000000000b864000 	/usr/lib/libCRFSuite.dylib
0x000000000b864000 	/usr/lib/libc++.1.dylib
0x000000000b864000 	/usr/lib/libc++abi.dylib
0x000000000b864000 	/usr/lib/system/libcache.dylib
0x000000000b864000 	/usr/lib/system/libcommonCrypto.dylib
0x000000000b864000 	/usr/lib/system/libcompiler_rt.dylib
0x000000000b864000 	/usr/lib/system/libcopyfile.dylib
0x000000000b864000 	/usr/lib/system/libcorecrypto.dylib
0x000000000b864000 	/usr/lib/system/libdispatch.dylib
0x000000000b864000 	/usr/lib/system/libdyld.dylib
0x000000000b864000 	/usr/lib/system/libkeymgr.dylib
0x000000000b864000 	/usr/lib/system/liblaunch.dylib
0x000000000b864000 	/usr/lib/system/libmacho.dylib
0x000000000b864000 	/usr/lib/system/libquarantine.dylib
0x000000000b864000 	/usr/lib/system/libremovefile.dylib
0x000000000b864000 	/usr/lib/system/libsystem_asl.dylib
0x000000000b864000 	/usr/lib/system/libsystem_blocks.dylib
0x000000000b864000 	/usr/lib/system/libsystem_c.dylib
0x000000000b864000 	/usr/lib/system/libsystem_configuration.dylib
0x000000000b864000 	/usr/lib/system/libsystem_coreservices.dylib
0x000000000b864000 	/usr/lib/system/libsystem_coretls.dylib
0x000000000b864000 	/usr/lib/system/libsystem_dnssd.dylib
0x000000000b864000 	/usr/lib/system/libsystem_info.dylib
0x000000000b864000 	/usr/lib/system/libsystem_kernel.dylib
0x000000000b864000 	/usr/lib/system/libsystem_m.dylib
0x000000000b864000 	/usr/lib/system/libsystem_malloc.dylib
0x000000000b864000 	/usr/lib/system/libsystem_network.dylib
0x000000000b864000 	/usr/lib/system/libsystem_networkextension.dylib
0x000000000b864000 	/usr/lib/system/libsystem_notify.dylib
0x000000000b864000 	/usr/lib/system/libsystem_platform.dylib
0x000000000b864000 	/usr/lib/system/libsystem_pthread.dylib
0x000000000b864000 	/usr/lib/system/libsystem_sandbox.dylib
0x000000000b864000 	/usr/lib/system/libsystem_secinit.dylib
0x000000000b864000 	/usr/lib/system/libsystem_trace.dylib
0x000000000b864000 	/usr/lib/system/libunc.dylib
0x000000000b864000 	/usr/lib/system/libunwind.dylib
0x000000000b864000 	/usr/lib/system/libxpc.dylib
0x000000000b864000 	/usr/lib/libenergytrace.dylib
0x000000000b864000 	/usr/lib/libbsm.0.dylib
0x000000000b864000 	/usr/lib/system/libkxld.dylib
0x000000000b864000 	/usr/lib/libxar.1.dylib
0x000000000b864000 	/usr/lib/libsqlite3.dylib
0x000000000b864000 	/usr/lib/libpam.2.dylib
0x000000000b864000 	/usr/lib/libOpenScriptingUtil.dylib
0x000000000b864000 	/usr/lib/libbz2.1.0.dylib
0x000000000b864000 	/usr/lib/liblzma.5.dylib
0x000000000b864000 	/System/Library/Frameworks/CoreServices.framework/Versions/A/Frameworks/FSEvents.framework/Versions/A/FSEvents
0x000000000b864000 	/System/Library/Frameworks/CoreServices.framework/Versions/A/Frameworks/CarbonCore.framework/Versions/A/CarbonCore
0x000000000b864000 	/System/Library/Frameworks/CoreServices.framework/Versions/A/Frameworks/Metadata.framework/Versions/A/Metadata
0x000000000b864000 	/System/Library/Frameworks/CoreServices.framework/Versions/A/Frameworks/OSServices.framework/Versions/A/OSServices
0x000000000b864000 	/System/Library/Frameworks/CoreServices.framework/Versions/A/Frameworks/SearchKit.framework/Versions/A/SearchKit
0x000000000b864000 	/System/Library/Frameworks/CoreServices.framework/Versions/A/Frameworks/AE.framework/Versions/A/AE
0x000000000b864000 	/System/Library/Frameworks/CoreServices.framework/Versions/A/Frameworks/LaunchServices.framework/Versions/A/LaunchServices
0x000000000b864000 	/System/Library/Frameworks/CoreServices.framework/Versions/A/Frameworks/DictionaryServices.framework/Versions/A/DictionaryServices
0x000000000b864000 	/System/Library/Frameworks/CoreServices.framework/Versions/A/Frameworks/SharedFileList.framework/Versions/A/SharedFileList
0x000000000b864000 	/System/Library/Frameworks/NetFS.framework/Versions/A/NetFS
0x000000000b864000 	/System/Library/PrivateFrameworks/NetAuth.framework/Versions/A/NetAuth
0x000000000b864000 	/System/Library/PrivateFrameworks/login.framework/Versions/A/Frameworks/loginsupport.framework/Versions/A/loginsupport
0x000000000b864000 	/System/Library/PrivateFrameworks/TCC.framework/Versions/A/TCC
0x000000000b864000 	/usr/lib/libmecabra.dylib
0x000000000b864000 	/System/Library/Frameworks/ApplicationServices.framework/Versions/A/Frameworks/ATS.framework/Versions/A/ATS
0x000000000b864000 	/System/Library/Frameworks/ApplicationServices.framework/Versions/A/Frameworks/ColorSync.framework/Versions/A/ColorSync
0x000000000b864000 	/System/Library/Frameworks/ApplicationServices.framework/Versions/A/Frameworks/HIServices.framework/Versions/A/HIServices
0x000000000b864000 	/System/Library/Frameworks/ApplicationServices.framework/Versions/A/Frameworks/LangAnalysis.framework/Versions/A/LangAnalysis
0x000000000b864000 	/System/Library/Frameworks/ApplicationServices.framework/Versions/A/Frameworks/PrintCore.framework/Versions/A/PrintCore
0x000000000b864000 	/System/Library/Frameworks/ApplicationServices.framework/Versions/A/Frameworks/QD.framework/Versions/A/QD
0x000000000b864000 	/System/Library/Frameworks/ApplicationServices.framework/Versions/A/Frameworks/SpeechSynthesis.framework/Versions/A/SpeechSynthesis
0x000000000b864000 	/System/Library/Frameworks/Metal.framework/Versions/A/Metal
0x000000000b864000 	/System/Library/Frameworks/Accelerate.framework/Versions/A/Frameworks/vImage.framework/Versions/A/vImage
0x000000000b864000 	/System/Library/Frameworks/Accelerate.framework/Versions/A/Frameworks/vecLib.framework/Versions/A/vecLib
0x000000000b864000 	/System/Library/Frameworks/Accelerate.framework/Versions/A/Frameworks/vecLib.framework/Versions/A/libvDSP.dylib
0x000000000b864000 	/System/Library/Frameworks/Accelerate.framework/Versions/A/Frameworks/vecLib.framework/Versions/A/libvMisc.dylib
0x000000000b864000 	/System/Library/Frameworks/Accelerate.framework/Versions/A/Frameworks/vecLib.framework/Versions/A/libLAPACK.dylib
0x000000000b864000 	/System/Library/Frameworks/Accelerate.framework/Versions/A/Frameworks/vecLib.framework/Versions/A/libBLAS.dylib
0x000000000b864000 	/System/Library/Frameworks/Accelerate.framework/Versions/A/Frameworks/vecLib.framework/Versions/A/libLinearAlgebra.dylib
0x000000000b864000 	/System/Library/Frameworks/Accelerate.framework/Versions/A/Frameworks/vecLib.framework/Versions/A/libSparseBLAS.dylib
0x000000000b864000 	/System/Library/PrivateFrameworks/GPUCompiler.framework/libmetal_timestamp.dylib
0x000000000b864000 	/System/Library/Frameworks/OpenGL.framework/Versions/A/Libraries/libCoreFSCache.dylib
0x000000000b864000 	/System/Library/PrivateFrameworks/IOAccelerator.framework/Versions/A/IOAccelerator
0x000000000b864000 	/System/Library/Frameworks/ApplicationServices.framework/Versions/A/Frameworks/ATS.framework/Versions/A/Resources/libFontParser.dylib
0x000000000b864000 	/System/Library/Frameworks/ApplicationServices.framework/Versions/A/Frameworks/ATS.framework/Versions/A/Resources/libFontRegistry.dylib
0x000000000b864000 	/System/Library/PrivateFrameworks/AppleVPA.framework/Versions/A/AppleVPA
0x000000000b864000 	/System/Library/PrivateFrameworks/AppleJPEG.framework/Versions/A/AppleJPEG
0x000000000b864000 	/System/Library/Frameworks/ImageIO.framework/Versions/A/Resources/libJPEG.dylib
0x000000000b864000 	/System/Library/Frameworks/ImageIO.framework/Versions/A/Resources/libTIFF.dylib
0x000000000b864000 	/System/Library/Frameworks/ImageIO.framework/Versions/A/Resources/libPng.dylib
0x000000000b864000 	/System/Library/Frameworks/ImageIO.framework/Versions/A/Resources/libGIF.dylib
0x000000000b864000 	/System/Library/Frameworks/ImageIO.framework/Versions/A/Resources/libJP2.dylib
0x000000000b864000 	/System/Library/Frameworks/ImageIO.framework/Versions/A/Resources/libRadiance.dylib
0x000000000b864000 	/System/Library/Frameworks/CoreVideo.framework/Versions/A/CoreVideo
0x000000000b864000 	/System/Library/Frameworks/OpenGL.framework/Versions/A/Libraries/libGLU.dylib
0x000000000b864000 	/System/Library/Frameworks/OpenGL.framework/Versions/A/Libraries/libGFXShared.dylib
0x000000000b864000 	/System/Library/Frameworks/OpenGL.framework/Versions/A/Libraries/libGL.dylib
0x000000000b864000 	/System/Library/Frameworks/OpenGL.framework/Versions/A/Libraries/libGLImage.dylib
0x000000000b864000 	/System/Library/Frameworks/OpenGL.framework/Versions/A/Libraries/libCVMSPluginSupport.dylib
0x000000000b864000 	/System/Library/Frameworks/OpenGL.framework/Versions/A/Libraries/libCoreVMClient.dylib
0x000000000b864000 	/usr/lib/libcompression.dylib
0x000000000b864000 	/usr/lib/libcups.2.dylib
0x000000000b864000 	/System/Library/Frameworks/Kerberos.framework/Versions/A/Kerberos
0x000000000b864000 	/System/Library/Frameworks/GSS.framework/Versions/A/GSS
0x000000000b864000 	/usr/lib/libresolv.9.dylib
0x000000000b864000 	/usr/lib/libiconv.2.dylib
0x000000000b864000 	/System/Library/PrivateFrameworks/Heimdal.framework/Versions/A/Heimdal
0x000000000b864000 	/usr/lib/libheimdal-asn1.dylib
0x000000000b864000 	/System/Library/Frameworks/OpenDirectory.framework/Versions/A/OpenDirectory
0x000000000b864000 	/System/Library/PrivateFrameworks/CommonAuth.framework/Versions/A/CommonAuth
0x000000000b864000 	/System/Library/Frameworks/OpenDirectory.framework/Versions/A/Frameworks/CFOpenDirectory.framework/Versions/A/CFOpenDirectory
0x000000000b864000 	/System/Library/Frameworks/SecurityFoundation.framework/Versions/A/SecurityFoundation
0x000000000b864000 	/System/Library/PrivateFrameworks/LanguageModeling.framework/Versions/A/LanguageModeling
0x000000000b864000 	/usr/lib/libmarisa.dylib
0x000000000b864000 	/usr/lib/libChineseTokenizer.dylib
0x000000000b864000 	/usr/lib/libcmph.dylib
0x000000000b864000 	/System/Library/Frameworks/ServiceManagement.framework/Versions/A/ServiceManagement
0x000000000b864000 	/usr/lib/libxslt.1.dylib
0x000000000b864000 	/System/Library/Frameworks/Carbon.framework/Versions/A/Frameworks/Ink.framework/Versions/A/Ink
0x000000000b864000 	/usr/lib/libFosl_dynamic.dylib
0x000000000b864000 	/System/Library/PrivateFrameworks/FaceCore.framework/Versions/A/FaceCore
0x000000000b864000 	/System/Library/Frameworks/OpenCL.framework/Versions/A/OpenCL
0x000000000b864000 	/System/Library/PrivateFrameworks/CrashReporterSupport.framework/Versions/A/CrashReporterSupport
0x000000000b864000 	/System/Library/PrivateFrameworks/IconServices.framework/Versions/A/IconServices
0x000000000b864000 	/System/Library/PrivateFrameworks/Apple80211.framework/Versions/A/Apple80211
0x000000000b864000 	/System/Library/Frameworks/CoreWLAN.framework/Versions/A/CoreWLAN
0x000000000b864000 	/System/Library/Frameworks/IOBluetooth.framework/Versions/A/IOBluetooth
0x000000000b864000 	/System/Library/PrivateFrameworks/CoreWiFi.framework/Versions/A/CoreWiFi
0x000000000b864000 	/System/Library/Frameworks/CoreBluetooth.framework/Versions/A/CoreBluetooth
0x000000000b864000 	/System/Library/PrivateFrameworks/ChunkingLibrary.framework/Versions/A/ChunkingLibrary
0x000000000b864000 	/System/Library/PrivateFrameworks/DebugSymbols.framework/Versions/A/DebugSymbols
0x000000000b864000 	/System/Library/PrivateFrameworks/CoreSymbolication.framework/Versions/A/CoreSymbolication
0x000000000b864000 	/System/Library/PrivateFrameworks/Symbolication.framework/Versions/A/Symbolication
0x000000000b864000 	/System/Library/PrivateFrameworks/SpeechRecognitionCore.framework/Versions/A/SpeechRecognitionCore
0x0000000102ca1000 	/Library/Java/JavaVirtualMachines/jdk1.8.0_60.jdk/Contents/Home/jre/lib/server/libjvm.dylib
0x000000000b864000 	/usr/lib/libstdc++.6.dylib
0x0000000103c2a000 	/Library/Java/JavaVirtualMachines/jdk1.8.0_60.jdk/Contents/Home/jre/lib/libverify.dylib
0x0000000103c38000 	/Library/Java/JavaVirtualMachines/jdk1.8.0_60.jdk/Contents/Home/jre/lib/libjava.dylib
0x0000000103c6e000 	/Library/Java/JavaVirtualMachines/jdk1.8.0_60.jdk/Contents/Home/jre/lib/libjdwp.dylib
0x0000000103cb9000 	/Library/Java/JavaVirtualMachines/jdk1.8.0_60.jdk/Contents/Home/jre/lib/libnpt.dylib
0x0000000103cc6000 	/Library/Java/JavaVirtualMachines/jdk1.8.0_60.jdk/Contents/Home/jre/lib/libzip.dylib
0x0000000119e41000 	/System/Library/Frameworks/JavaVM.framework/Frameworks/JavaRuntimeSupport.framework/JavaRuntimeSupport
0x0000000119e5c000 	/System/Library/Frameworks/JavaVM.framework/Versions/A/Frameworks/JavaNativeFoundation.framework/Versions/A/JavaNativeFoundation
0x0000000119e71000 	/System/Library/Frameworks/JavaVM.framework/Versions/A/JavaVM
0x000000000b864000 	/System/Library/Frameworks/Carbon.framework/Versions/A/Carbon
0x0000000119e7e000 	/System/Library/PrivateFrameworks/JavaLaunching.framework/Versions/A/JavaLaunching
0x000000000b864000 	/System/Library/Frameworks/Carbon.framework/Versions/A/Frameworks/CommonPanels.framework/Versions/A/CommonPanels
0x000000000b864000 	/System/Library/Frameworks/Carbon.framework/Versions/A/Frameworks/Help.framework/Versions/A/Help
0x000000000b864000 	/System/Library/Frameworks/Carbon.framework/Versions/A/Frameworks/ImageCapture.framework/Versions/A/ImageCapture
0x000000000b864000 	/System/Library/Frameworks/Carbon.framework/Versions/A/Frameworks/OpenScripting.framework/Versions/A/OpenScripting
0x000000000b864000 	/System/Library/Frameworks/Carbon.framework/Versions/A/Frameworks/Print.framework/Versions/A/Print
0x000000000b864000 	/System/Library/Frameworks/Carbon.framework/Versions/A/Frameworks/SecurityHI.framework/Versions/A/SecurityHI
0x00000001131f9000 	/Library/Java/JavaVirtualMachines/jdk1.8.0_60.jdk/Contents/Home/jre/lib/libdt_socket.dylib

VM Arguments:
jvm_args: -agentlib:jdwp=transport=dt_socket,suspend=y,address=localhost:55592 -Dfile.encoding=UTF-8 
java_command: a5.SerializationTester
java_class_path (initial): /Users/Brennan/Downloads/CoupledTrickOrTreat/bin:/Users/Brennan/Downloads/oeall22 (3).jar:/Users/Brennan/Downloads/AndersonBeau COMP401 Final Project/bin:/Users/Brennan/git/GIPC/bin
Launcher Type: SUN_STANDARD

Environment Variables:
PATH=/usr/bin:/bin:/usr/sbin:/sbin
SHELL=/bin/bash
DISPLAY=/private/tmp/com.apple.launchd.6DNUY7lNZJ/org.macosforge.xquartz:0

Signal Handlers:
SIGSEGV: [libjvm.dylib+0x5a6d31], sa_mask[0]=11111111011111110111111111111111, sa_flags=SA_ONSTACK|SA_RESTART|SA_SIGINFO
SIGBUS: [libjvm.dylib+0x5a6d31], sa_mask[0]=11111111011111110111111111111111, sa_flags=SA_RESTART|SA_SIGINFO
SIGFPE: [libjvm.dylib+0x480a4c], sa_mask[0]=11111111011111110111111111111111, sa_flags=SA_RESTART|SA_SIGINFO
SIGPIPE: [libjvm.dylib+0x480a4c], sa_mask[0]=11111111011111110111111111111111, sa_flags=SA_RESTART|SA_SIGINFO
SIGXFSZ: [libjvm.dylib+0x480a4c], sa_mask[0]=11111111011111110111111111111111, sa_flags=SA_RESTART|SA_SIGINFO
SIGILL: [libjvm.dylib+0x480a4c], sa_mask[0]=11111111011111110111111111111111, sa_flags=SA_RESTART|SA_SIGINFO
SIGUSR1: SIG_DFL, sa_mask[0]=00000000000000000000000000000000, sa_flags=none
SIGUSR2: [libjvm.dylib+0x48056a], sa_mask[0]=00100000000000000000000000000000, sa_flags=SA_RESTART|SA_SIGINFO
SIGHUP: [libjvm.dylib+0x47eb41], sa_mask[0]=11111111011111110111111111111111, sa_flags=SA_RESTART|SA_SIGINFO
SIGINT: [libjvm.dylib+0x47eb41], sa_mask[0]=11111111011111110111111111111111, sa_flags=SA_RESTART|SA_SIGINFO
SIGTERM: [libjvm.dylib+0x47eb41], sa_mask[0]=11111111011111110111111111111111, sa_flags=SA_RESTART|SA_SIGINFO
SIGQUIT: [libjvm.dylib+0x47eb41], sa_mask[0]=11111111011111110111111111111111, sa_flags=SA_RESTART|SA_SIGINFO


---------------  S Y S T E M  ---------------

OS:Bsduname:Darwin 15.6.0 Darwin Kernel Version 15.6.0: Fri Feb 17 10:21:18 PST 2017; root:xnu-3248.60.11.4.1~1/RELEASE_X86_64 x86_64
rlimit: STACK 8192k, CORE 0k, NPROC 709, NOFILE 10240, AS infinity
load average:7.71 5.65 3.91

CPU:total 4 (2 cores per cpu, 2 threads per core) family 6 model 61 stepping 4, cmov, cx8, fxsr, mmx, sse, sse2, sse3, ssse3, sse4.1, sse4.2, popcnt, avx, avx2, aes, clmul, erms, 3dnowpref, lzcnt, ht, tsc, tscinvbit, bmi1, bmi2, adx

Memory: 4k page, physical 8388608k(27140k free)

/proc/meminfo:


vm_info: Java HotSpot(TM) 64-Bit Server VM (25.60-b23) for bsd-amd64 JRE (1.8.0_60-b27), built on Aug  4 2015 10:47:24 by "java_re" with gcc 4.2.1 (Based on Apple Inc. build 5658) (LLVM build 2336.11.00)

time: Thu Apr 20 17:30:09 2017
elapsed time: 100 seconds (0d 0h 1m 40s)

